<?xml version="1.0" encoding="UTF-8"?>
<testsuite name="com.jojoldu.book.springboot.domain.posts.PostsRepositoryTest" tests="1" skipped="0" failures="0" errors="0" timestamp="2021-02-08T03:41:57" hostname="DESKTOP-02IBLV6" time="0.016">
  <properties/>
  <testcase name="게시글저장_불러오기" classname="com.jojoldu.book.springboot.domain.posts.PostsRepositoryTest" time="0.016"/>
  <system-out><![CDATA[2021-02-08 12:41:56.200  INFO 24540 --- [    Test worker] .b.t.c.SpringBootTestContextBootstrapper : Neither @ContextConfiguration nor @ContextHierarchy found for test class [com.jojoldu.book.springboot.domain.posts.PostsRepositoryTest], using SpringBootContextLoader
2021-02-08 12:41:56.201  INFO 24540 --- [    Test worker] o.s.t.c.support.AbstractContextLoader    : Could not detect default resource locations for test class [com.jojoldu.book.springboot.domain.posts.PostsRepositoryTest]: no resource found for suffixes {-context.xml, Context.groovy}.
2021-02-08 12:41:56.201  INFO 24540 --- [    Test worker] t.c.s.AnnotationConfigContextLoaderUtils : Could not detect default configuration classes for test class [com.jojoldu.book.springboot.domain.posts.PostsRepositoryTest]: PostsRepositoryTest does not declare any static, non-private, non-final, nested classes annotated with @Configuration.
2021-02-08 12:41:56.208  INFO 24540 --- [    Test worker] .b.t.c.SpringBootTestContextBootstrapper : Found @SpringBootConfiguration com.jojoldu.book.springboot.Application for test class com.jojoldu.book.springboot.domain.posts.PostsRepositoryTest
2021-02-08 12:41:56.209  INFO 24540 --- [    Test worker] .b.t.c.SpringBootTestContextBootstrapper : Loaded default TestExecutionListener class names from location [META-INF/spring.factories]: [org.springframework.security.test.context.support.WithSecurityContextTestExecutionListener, org.springframework.security.test.context.support.ReactorContextTestExecutionListener, org.springframework.boot.test.autoconfigure.restdocs.RestDocsTestExecutionListener, org.springframework.boot.test.autoconfigure.web.client.MockRestServiceServerResetTestExecutionListener, org.springframework.boot.test.autoconfigure.web.servlet.MockMvcPrintOnlyOnFailureTestExecutionListener, org.springframework.boot.test.autoconfigure.web.servlet.WebDriverTestExecutionListener, org.springframework.boot.test.mock.mockito.MockitoTestExecutionListener, org.springframework.boot.test.mock.mockito.ResetMocksTestExecutionListener, org.springframework.test.context.web.ServletTestExecutionListener, org.springframework.test.context.support.DirtiesContextBeforeModesTestExecutionListener, org.springframework.test.context.support.DependencyInjectionTestExecutionListener, org.springframework.test.context.support.DirtiesContextTestExecutionListener, org.springframework.test.context.transaction.TransactionalTestExecutionListener, org.springframework.test.context.jdbc.SqlScriptsTestExecutionListener]
2021-02-08 12:41:56.210  INFO 24540 --- [    Test worker] .b.t.c.SpringBootTestContextBootstrapper : Using TestExecutionListeners: [org.springframework.test.context.web.ServletTestExecutionListener@45e58a39, org.springframework.test.context.support.DirtiesContextBeforeModesTestExecutionListener@5a5b7a48, org.springframework.boot.test.mock.mockito.MockitoTestExecutionListener@a5d0214, org.springframework.boot.test.autoconfigure.SpringBootDependencyInjectionTestExecutionListener@63b20040, org.springframework.test.context.support.DirtiesContextTestExecutionListener@aefea4d, org.springframework.test.context.transaction.TransactionalTestExecutionListener@b675862, org.springframework.test.context.jdbc.SqlScriptsTestExecutionListener@69c8b6b8, org.springframework.security.test.context.support.WithSecurityContextTestExecutionListener@1a0b1bc1, org.springframework.security.test.context.support.ReactorContextTestExecutionListener@6fc3374f, org.springframework.boot.test.autoconfigure.restdocs.RestDocsTestExecutionListener@5e56c69d, org.springframework.boot.test.autoconfigure.web.client.MockRestServiceServerResetTestExecutionListener@7287d699, org.springframework.boot.test.autoconfigure.web.servlet.MockMvcPrintOnlyOnFailureTestExecutionListener@30901e1b, org.springframework.boot.test.autoconfigure.web.servlet.WebDriverTestExecutionListener@461f3e09, org.springframework.boot.test.mock.mockito.ResetMocksTestExecutionListener@2e157a79]

  .   ____          _            __ _ _
 /\\ / ___'_ __ _ _(_)_ __  __ _ \ \ \ \
( ( )\___ | '_ | '_| | '_ \/ _` | \ \ \ \
 \\/  ___)| |_)| | | | | || (_| |  ) ) ) )
  '  |____| .__|_| |_|_| |_\__, | / / / /
 =========|_|==============|___/=/_/_/_/
 :: Spring Boot ::        (v2.1.7.RELEASE)

2021-02-08 12:41:56.233  INFO 24540 --- [    Test worker] c.j.b.s.d.posts.PostsRepositoryTest      : Starting PostsRepositoryTest on DESKTOP-02IBLV6 with PID 24540 (started by tlqck in D:\workspace\springboot2-webservice)
2021-02-08 12:41:56.233  INFO 24540 --- [    Test worker] c.j.b.s.d.posts.PostsRepositoryTest      : The following profiles are active: oauth
2021-02-08 12:41:56.383  INFO 24540 --- [    Test worker] .s.d.r.c.RepositoryConfigurationDelegate : Bootstrapping Spring Data repositories in DEFAULT mode.
2021-02-08 12:41:56.395  INFO 24540 --- [    Test worker] .s.d.r.c.RepositoryConfigurationDelegate : Finished Spring Data repository scanning in 12ms. Found 2 repository interfaces.
2021-02-08 12:41:56.459  INFO 24540 --- [    Test worker] trationDelegate$BeanPostProcessorChecker : Bean 'org.springframework.transaction.annotation.ProxyTransactionManagementConfiguration' of type [org.springframework.transaction.annotation.ProxyTransactionManagementConfiguration$$EnhancerBySpringCGLIB$$8fa0a4d7] is not eligible for getting processed by all BeanPostProcessors (for example: not eligible for auto-proxying)
2021-02-08 12:41:56.510  INFO 24540 --- [    Test worker] com.zaxxer.hikari.HikariDataSource       : HikariPool-2 - Starting...
2021-02-08 12:41:56.511  INFO 24540 --- [    Test worker] com.zaxxer.hikari.HikariDataSource       : HikariPool-2 - Start completed.
2021-02-08 12:41:56.524  INFO 24540 --- [    Test worker] o.hibernate.jpa.internal.util.LogHelper  : HHH000204: Processing PersistenceUnitInfo [
	name: default
	...]
2021-02-08 12:41:56.530  INFO 24540 --- [    Test worker] org.hibernate.dialect.Dialect            : HHH000400: Using dialect: org.hibernate.dialect.MySQL5InnoDBDialect
Hibernate: drop table if exists posts
Hibernate: drop table if exists user
Hibernate: create table posts (id bigint not null auto_increment, created_date datetime, modified_date datetime, author varchar(255), content TEXT not null, title varchar(500) not null, primary key (id)) engine=InnoDB
Hibernate: create table user (id bigint not null auto_increment, email varchar(255) not null, name varchar(255) not null, picture varchar(255), role varchar(255) not null, primary key (id)) engine=InnoDB
2021-02-08 12:41:56.560  INFO 24540 --- [    Test worker] o.h.t.schema.internal.SchemaCreatorImpl  : HHH000476: Executing import script 'org.hibernate.tool.schema.internal.exec.ScriptSourceInputNonExistentImpl@48014ce6'
2021-02-08 12:41:56.561  INFO 24540 --- [    Test worker] j.LocalContainerEntityManagerFactoryBean : Initialized JPA EntityManagerFactory for persistence unit 'default'
2021-02-08 12:41:56.677  INFO 24540 --- [    Test worker] o.h.h.i.QueryTranslatorFactoryInitiator  : HHH000397: Using ASTQueryTranslatorFactory
2021-02-08 12:41:56.760  INFO 24540 --- [    Test worker] o.s.s.web.DefaultSecurityFilterChain     : Creating filter chain: any request, [org.springframework.security.web.context.request.async.WebAsyncManagerIntegrationFilter@789d79fe, org.springframework.security.web.context.SecurityContextPersistenceFilter@45ffb0fc, org.springframework.security.web.header.HeaderWriterFilter@2b72a158, org.springframework.security.web.authentication.logout.LogoutFilter@6c46ba7e, org.springframework.security.oauth2.client.web.OAuth2AuthorizationRequestRedirectFilter@192531ee, org.springframework.security.oauth2.client.web.OAuth2LoginAuthenticationFilter@3d048393, org.springframework.security.web.authentication.ui.DefaultLoginPageGeneratingFilter@54069852, org.springframework.security.web.authentication.ui.DefaultLogoutPageGeneratingFilter@3b0b30c2, org.springframework.security.web.savedrequest.RequestCacheAwareFilter@22ae4d0b, org.springframework.security.web.servletapi.SecurityContextHolderAwareRequestFilter@1c685067, org.springframework.security.web.authentication.AnonymousAuthenticationFilter@b91cc0c, org.springframework.security.web.session.SessionManagementFilter@a0855c5, org.springframework.security.web.access.ExceptionTranslationFilter@13ee8b1b, org.springframework.security.web.access.intercept.FilterSecurityInterceptor@4c8e3ac]
2021-02-08 12:41:56.931  INFO 24540 --- [    Test worker] o.s.s.concurrent.ThreadPoolTaskExecutor  : Initializing ExecutorService 'applicationTaskExecutor'
2021-02-08 12:41:56.939  WARN 24540 --- [    Test worker] aWebConfiguration$JpaWebMvcConfiguration : spring.jpa.open-in-view is enabled by default. Therefore, database queries may be performed during view rendering. Explicitly configure spring.jpa.open-in-view to disable this warning
2021-02-08 12:41:56.956  INFO 24540 --- [    Test worker] o.s.b.a.w.s.WelcomePageHandlerMapping    : Adding welcome page template: index
2021-02-08 12:41:57.159  INFO 24540 --- [    Test worker] s.a.ScheduledAnnotationBeanPostProcessor : No TaskScheduler/ScheduledExecutorService bean found for scheduled processing
2021-02-08 12:41:57.160  INFO 24540 --- [    Test worker] c.j.b.s.d.posts.PostsRepositoryTest      : Started PostsRepositoryTest in 0.946 seconds (JVM running for 6.826)
Hibernate: insert into posts (created_date, modified_date, author, content, title) values (?, ?, ?, ?, ?)
Hibernate: select posts0_.id as id1_0_, posts0_.created_date as created_2_0_, posts0_.modified_date as modified3_0_, posts0_.author as author4_0_, posts0_.content as content5_0_, posts0_.title as title6_0_ from posts posts0_
Hibernate: select posts0_.id as id1_0_, posts0_.created_date as created_2_0_, posts0_.modified_date as modified3_0_, posts0_.author as author4_0_, posts0_.content as content5_0_, posts0_.title as title6_0_ from posts posts0_
Hibernate: delete from posts where id=?
]]></system-out>
  <system-err><![CDATA[]]></system-err>
</testsuite>
